[debug] [2018-01-23T13:33:38.360Z] ----------------------------------------------------------------------
[debug] [2018-01-23T13:33:38.363Z] Command:       W:\Program Files\nodejs\node.exe C:\Users\Seaweed\AppData\Roaming\npm\node_modules\firebase-tools\bin\firebase serve
[debug] [2018-01-23T13:33:38.364Z] CLI Version:   3.17.3
[debug] [2018-01-23T13:33:38.364Z] Platform:      win32
[debug] [2018-01-23T13:33:38.364Z] Node Version:  v6.11.3
[debug] [2018-01-23T13:33:38.365Z] Time:          Tue Jan 23 2018 20:33:38 GMT+0700 (SE Asia Standard Time)
[debug] [2018-01-23T13:33:38.365Z] ----------------------------------------------------------------------
[debug] 
[debug] [2018-01-23T13:33:38.384Z] > command requires scopes: ["email","openid","https://www.googleapis.com/auth/cloudplatformprojects.readonly","https://www.googleapis.com/auth/firebase","https://www.googleapis.com/auth/cloud-platform"]
[debug] [2018-01-23T13:33:38.385Z] > authorizing via signed-in user
[debug] [2018-01-23T13:33:38.388Z] >>> HTTP REQUEST GET https://admin.firebase.com/v1/projects/fit4run-4d4c5  
  
 Tue Jan 23 2018 20:33:38 GMT+0700 (SE Asia Standard Time)
[debug] [2018-01-23T13:33:39.680Z] <<< HTTP RESPONSE 200
[debug] [2018-01-23T13:33:39.684Z] >>> HTTP REQUEST GET https://admin.firebase.com/v1/database/fit4run-4d4c5/tokens  
  
 Tue Jan 23 2018 20:33:39 GMT+0700 (SE Asia Standard Time)
[debug] [2018-01-23T13:33:40.661Z] <<< HTTP RESPONSE 200
[info] 
[info] === Serving from 'W:\Chawan\Fit4Run'...
[info] 
[debug] [2018-01-23T13:33:40.673Z] >>> HTTP REQUEST GET https://cloudresourcemanager.googleapis.com/v1/projects/fit4run-4d4c5  
  
 Tue Jan 23 2018 20:33:40 GMT+0700 (SE Asia Standard Time)
[debug] [2018-01-23T13:33:42.153Z] <<< HTTP RESPONSE 200
[debug] [2018-01-23T13:33:42.154Z] >>> HTTP REQUEST GET https://mobilesdk-pa.googleapis.com/v1/projects/204682250613/clients/_:getWebAppConfig  
  
 Tue Jan 23 2018 20:33:42 GMT+0700 (SE Asia Standard Time)
[debug] [2018-01-23T13:33:43.406Z] <<< HTTP RESPONSE 200
[info] i  hosting: Serving hosting files from: ./
[info] +  hosting: Local server: http://localhost:5000

