[debug] [2018-01-19T07:36:43.784Z] ----------------------------------------------------------------------
[debug] [2018-01-19T07:36:43.794Z] Command:       W:\Program Files\nodejs\node.exe C:\Users\Seaweed\AppData\Roaming\npm\node_modules\firebase-tools\bin\firebase serve
[debug] [2018-01-19T07:36:43.795Z] CLI Version:   3.15.0
[debug] [2018-01-19T07:36:43.795Z] Platform:      win32
[debug] [2018-01-19T07:36:43.796Z] Node Version:  v6.11.3
[debug] [2018-01-19T07:36:43.797Z] Time:          Fri Jan 19 2018 14:36:43 GMT+0700 (SE Asia Standard Time)
[debug] [2018-01-19T07:36:43.798Z] ----------------------------------------------------------------------
[debug] 
[debug] [2018-01-19T07:36:43.891Z] > command requires scopes: ["email","openid","https://www.googleapis.com/auth/cloudplatformprojects.readonly","https://www.googleapis.com/auth/firebase","https://www.googleapis.com/auth/cloud-platform"]
[debug] [2018-01-19T07:36:43.892Z] > authorizing via signed-in user
[debug] [2018-01-19T07:36:43.900Z] >>> HTTP REQUEST GET https://admin.firebase.com/v1/projects/au-senior01  
 Fri Jan 19 2018 14:36:43 GMT+0700 (SE Asia Standard Time)
[debug] [2018-01-19T07:36:45.286Z] <<< HTTP RESPONSE 200
[debug] [2018-01-19T07:36:45.290Z] >>> HTTP REQUEST GET https://admin.firebase.com/v1/database/au-senior01/tokens  
 Fri Jan 19 2018 14:36:45 GMT+0700 (SE Asia Standard Time)
[debug] [2018-01-19T07:36:46.716Z] <<< HTTP RESPONSE 200
[info] 
[info] === Serving from 'W:\Chawan\Senior\tutorial\quickstart-js-master\database'...
[info] 
[debug] [2018-01-19T07:36:46.728Z] >>> HTTP REQUEST GET https://cloudresourcemanager.googleapis.com/v1/projects/au-senior01  
 Fri Jan 19 2018 14:36:46 GMT+0700 (SE Asia Standard Time)
[debug] [2018-01-19T07:36:48.083Z] <<< HTTP RESPONSE 200
[debug] [2018-01-19T07:36:48.084Z] >>> HTTP REQUEST GET https://mobilesdk-pa.googleapis.com/v1/projects/575402049306/clients/_:getWebAppConfig  
 Fri Jan 19 2018 14:36:48 GMT+0700 (SE Asia Standard Time)
[debug] [2018-01-19T07:36:49.298Z] <<< HTTP RESPONSE 200
[info] i  hosting: Serving hosting files from: ./
[info] +  hosting: Local server: http://localhost:5000

